build/app/outputs/mapping/release/mapping.txt
# compiler: R8
# compiler_version: 2.1.62
# min_api: 22
# pg_map_id: 244ddd6
# common_typos_disable
...
com.google.android.gms.internal.measurement.zzjs -> b.b.a.a.f.f.c9:
com.google.android.gms.internal.measurement.zzjt -> b.b.a.a.f.f.d9:
    com.google.android.gms.internal.measurement.zzjr zza -> a
    com.google.android.gms.internal.measurement.zzjr zzb -> b
    com.google.android.gms.internal.measurement.zzjr zza() -> a
    com.google.android.gms.internal.measurement.zzjr zzb() -> b
    com.google.android.gms.internal.measurement.zzjr zzc() -> c
com.google.android.gms.internal.measurement.zzju -> b.b.a.a.f.f.e9:
    int zzb -> b
    int zza -> a
com.google.android.gms.internal.measurement.zzjv -> b.b.a.a.f.f.f9:
com.google.android.gms.internal.measurement.zzjw -> b.b.a.a.f.f.g9:
    java.lang.Object[] zzb -> c
    int zzc -> d
    com.google.android.gms.internal.measurement.zzjw zza -> e
    com.google.android.gms.internal.measurement.zzig zza(int) -> c
    void zzb(int) -> f
    java.lang.String zzc(int) -> g
    com.google.android.gms.internal.measurement.zzjw zzd() -> i
com.google.android.gms.internal.measurement.zzjx -> b.b.a.a.f.f.h9:
    com.google.android.gms.internal.measurement.zzjx zza -> c
    java.util.concurrent.ConcurrentMap zzc -> b
    com.google.android.gms.internal.measurement.zzka zzb -> a
    com.google.android.gms.internal.measurement.zzjx zza() -> a
    com.google.android.gms.internal.measurement.zzkb zza(java.lang.Class) -> b
    com.google.android.gms.internal.measurement.zzkb zza(java.lang.Object) -> c
com.google.android.gms.internal.measurement.zzjz -> b.b.a.a.f.f.i9:
    java.lang.Object[] zzc -> c
    com.google.android.gms.internal.measurement.zzjj zza -> a
    int zzd -> d
    java.lang.String zzb -> b
    int zza() -> a
    boolean zzb() -> b
    com.google.android.gms.internal.measurement.zzjj zzc() -> c
    java.lang.String zzd() -> d
    java.lang.Object[] zze() -> e
com.google.android.gms.internal.measurement.zzk -> b.b.a.a.f.f.j9:
    java.util.concurrent.ExecutorService zza(java.util.concurrent.ThreadFactory,int) -> a
    java.util.concurrent.ExecutorService zza(int,java.util.concurrent.ThreadFactory,int) -> b
com.google.android.gms.internal.measurement.zzka -> b.b.a.a.f.f.k9:
    com.google.android.gms.internal.measurement.zzkb zza(java.lang.Class) -> a
com.google.android.gms.internal.measurement.zzkb -> b.b.a.a.f.f.l9:
    java.lang.Object zza() -> a
    int zza(java.lang.Object) -> b
    void zzc(java.lang.Object) -> c
    int zzb(java.lang.Object) -> d
    boolean zza(java.lang.Object,java.lang.Object) -> e
    void zza(java.lang.Object,com.google.android.gms.internal.measurement.zzlm) -> f
    void zzb(java.lang.Object,java.lang.Object) -> g
    boolean zzd(java.lang.Object) -> h
    void zza(java.lang.Object,byte[],int,int,com.google.android.gms.internal.measurement.zzgo) -> i
com.google.android.gms.internal.measurement.zzkc -> b.b.a.a.f.f.m9:
    java.util.Map zzc -> d
    com.google.android.gms.internal.measurement.zzkn zze -> f
    java.util.List zzb -> c
    boolean zzd -> e
    int zza -> b
    java.util.Map zzf -> g
    com.google.android.gms.internal.measurement.zzkh zzg -> h
    int zza(java.lang.Comparable) -> a
    com.google.android.gms.internal.measurement.zzkc zza(int) -> b
    java.lang.Object zza(com.google.android.gms.internal.measurement.zzkc,int) -> c
    java.lang.Object zza(java.lang.Comparable,java.lang.Object) -> d
    void zza() -> e
    void zza(com.google.android.gms.internal.measurement.zzkc) -> f
    java.util.List zzb(com.google.android.gms.internal.measurement.zzkc) -> g
    java.util.Map$Entry zzb(int) -> h
    boolean zzb() -> i
    int zzc() -> j
    java.lang.Object zzc(int) -> k
    java.util.Map zzc(com.google.android.gms.internal.measurement.zzkc) -> l
    java.lang.Iterable zzd() -> m
    java.util.Map zzd(com.google.android.gms.internal.measurement.zzkc) -> n
    java.util.Set zze() -> o
    void zzf() -> p
    java.util.SortedMap zzg() -> q