build/app/outputs/mapping/release/usage.txt
vaz.com.patoburguer.R$id
vaz.com.patoburguer.R$dimen
vaz.com.patoburguer.R$xml
vaz.com.patoburguer.R$style
vaz.com.patoburguer.R$styleable
vaz.com.patoburguer.BuildConfig
vaz.com.patoburguer.R$integer
vaz.com.patoburguer.R$layout
vaz.com.patoburguer.R$string
vaz.com.patoburguer.R$attr
vaz.com.patoburguer.R$drawable
vaz.com.patoburguer.R$mipmap
vaz.com.patoburguer.R
vaz.com.patoburguer.R$color
...
com.google.common.collect.Multimaps$AsMap$EntrySet
com.google.common.collect.DenseImmutableTable$ImmutableArrayMap
io.grpc.inprocess.InProcessServerBuilder
androidx.annotation.InspectableProperty$EnumEntry
com.google.errorprone.annotations.concurrent.GuardedBy
androidx.fragment.app.FragmentController:
    public androidx.loader.app.LoaderManager getSupportLoaderManager()
    public int getActiveFragmentsCount()
    public java.util.List getActiveFragments(java.util.List)
    public void restoreAllState(android.os.Parcelable,java.util.List)
    public void restoreAllState(android.os.Parcelable,androidx.fragment.app.FragmentManagerNonConfig)
    public java.util.List retainNonConfig()
    public androidx.fragment.app.FragmentManagerNonConfig retainNestedNonConfig()
    public void dispatchReallyStop()
    public void dispatchDestroyView()
    public void doLoaderStart()
    public void doLoaderStop(boolean)
    public void doLoaderRetain()
    public void doLoaderDestroy()
    public void reportLoaderStart()
    public androidx.collection.SimpleArrayMap retainLoaderNonConfig()
    public void restoreLoaderNonConfig(androidx.collection.SimpleArrayMap)
    public void dumpLoaders(java.lang.String,java.io.FileDescriptor,java.io.PrintWriter,java.lang.String[])
com.google.common.graph.ElementOrder$Type
com.google.android.gms.common.internal.zac
com.google.common.hash.BloomFilterStrategies$2
com.google.android.gms.common.internal.ServiceSpecificExtraArgs
com.google.common.base.CharMatcher$And
com.google.rpc.context.AttributeContext$Auth
com.squareup.okhttp.internal.framed.FramedConnection$Listener$1
com.google.common.base.Suppliers$SupplierFunction
com.squareup.okhttp.MultipartBuilder$MultipartRequestBody
com.google.common.collect.TreeRangeSet$AsRanges
com.google.api.ServiceOrBuilder
com.google.android.gms.common.api.GoogleApiClient:
    public static void dumpAll(java.lang.String,java.io.FileDescriptor,java.io.PrintWriter,java.lang.String[])
    public static java.util.Set getAllClients()
    static synthetic java.util.Set zak()
    public com.google.android.gms.common.api.internal.BaseImplementation$ApiMethodImpl execute(com.google.android.gms.common.api.internal.BaseImplementation$ApiMethodImpl)
    public com.google.android.gms.common.api.internal.ListenerHolder registerListener(java.lang.Object)
    public com.google.android.gms.common.api.Api$Client getClient(com.google.android.gms.common.api.Api$AnyClientKey)
    public boolean hasApi(com.google.android.gms.common.api.Api)
    public abstract boolean hasConnectedApi(com.google.android.gms.common.api.Api)
    public abstract com.google.android.gms.common.ConnectionResult getConnectionResult(com.google.android.gms.common.api.Api)
    public android.content.Context getContext()
    public boolean maybeSignIn(com.google.android.gms.common.api.internal.SignInConnectionListener)
    public void maybeSignOut()
    public abstract void connect()
    public void connect(int)
    public abstract com.google.android.gms.common.ConnectionResult blockingConnect()
    public abstract com.google.android.gms.common.ConnectionResult blockingConnect(long,java.util.concurrent.TimeUnit)
    public abstract void disconnect()
    public abstract void reconnect()
com.google.android.gms.common.AccountPicker
com.google.cloud.audit.AuthenticationInfo$Builder
com.google.type.Fraction$1
com.google.common.reflect.ClassPath$DefaultScanner
com.google.common.eventbus.SubscriberRegistry$MethodIdentifier
com.google.common.collect.MapMakerInternalMap$WeakKeyStrongValueEntry
com.google.common.collect.Multimap
com.google.android.gms.actions.ReserveIntents
io.grpc.NameResolverProvider:
    public static java.util.List providers()
    public static io.grpc.NameResolver$Factory asFactory()
com.google.common.collect.TreeRangeSet$SubRangeSetRangesByLowerBound$1
androidx.viewpager.widget.ViewPager$LayoutParams